<?xml version="1.0" encoding="UTF-8"?>
<testng-results skipped="0" failed="0" total="1" passed="1">
  <reporter-output>
  </reporter-output>
  <suite name="Suite" duration-ms="22228" started-at="2021-03-25T12:23:46Z" finished-at="2021-03-25T12:24:09Z">
    <groups>
    </groups>
    <test name="Test" duration-ms="22228" started-at="2021-03-25T12:23:46Z" finished-at="2021-03-25T12:24:09Z">
      <class name="com.orangehrm.regression.LoginLogout.TC_01_Login">
        <test-method status="PASS" signature="setup()[pri:0, instance:com.orangehrm.regression.LoginLogout.TC_01_Login@7cf10a6f]" name="setup" is-config="true" duration-ms="10736" started-at="2021-03-25T17:53:46Z" finished-at="2021-03-25T17:53:57Z">
          <reporter-output>
          </reporter-output>
        </test-method> <!-- setup -->
        <test-method status="PASS" signature="test()[pri:0, instance:com.orangehrm.regression.LoginLogout.TC_01_Login@7cf10a6f]" name="test" duration-ms="11129" started-at="2021-03-25T17:53:57Z" finished-at="2021-03-25T17:54:08Z">
          <reporter-output>
          </reporter-output>
        </test-method> <!-- test -->
        <test-method status="PASS" signature="closeBrowser()[pri:0, instance:com.orangehrm.regression.LoginLogout.TC_01_Login@7cf10a6f]" name="closeBrowser" is-config="true" duration-ms="344" started-at="2021-03-25T17:54:08Z" finished-at="2021-03-25T17:54:09Z">
          <reporter-output>
          </reporter-output>
        </test-method> <!-- closeBrowser -->
      </class> <!-- com.orangehrm.regression.LoginLogout.TC_01_Login -->
    </test> <!-- Test -->
  </suite> <!-- Suite -->
</testng-results>
